<?xml version="1.0" encoding="UTF-8"?>
<!-- Generated by org.testng.reporters.JUnitReportReporter -->
<testsuite hostname="sharath" failures="0" tests="4" name="com.testngworks.SwagLogin" time="57.267" errors="0" timestamp="2022-03-20T18:06:27 IST" skipped="0">
  <testcase classname="com.testngworks.SwagLogin" name="login" time="18.623"/>
  <system-out/>
  <testcase classname="com.testngworks.SwagLogin" name="login" time="9.441"/>
  <system-out/>
  <testcase classname="com.testngworks.SwagLogin" name="login" time="9.683"/>
  <system-out/>
  <testcase classname="com.testngworks.SwagLogin" name="login" time="19.520"/>
  <system-out/>
</testsuite> <!-- com.testngworks.SwagLogin -->
