<?xml version="1.0" encoding="UTF-8"?>
<!-- Generated by org.testng.reporters.JUnitReportReporter -->
<testsuite hostname="sharath" failures="0" tests="3" name="com.testngworks.HomeLoan" time="0.017" errors="0" timestamp="2022-03-21T18:28:24 IST" skipped="1">
  <testcase classname="com.testngworks.HomeLoan" name="webLogin" time="0.009"/>
  <system-out/>
  <testcase classname="com.testngworks.HomeLoan" name="mobileLogin" time="0.008"/>
  <system-out/>
  <testcase classname="com.testngworks.HomeLoan" name="apiLogin">
    <skipped/>
  </testcase> <!-- apiLogin -->
  <system-out/>
</testsuite> <!-- com.testngworks.HomeLoan -->
