<?xml version="1.0" encoding="UTF-8"?>
<!-- Generated by org.testng.reporters.JUnitReportReporter -->
<testsuite hostname="sharath" failures="0" tests="2" name="com.testngworks.CarLoan" time="0.005" errors="0" timestamp="2022-03-21T18:28:24 IST" skipped="0">
  <testcase classname="com.testngworks.CarLoan" name="apiLogin" time="0.003"/>
  <system-out/>
  <testcase classname="com.testngworks.CarLoan" name="webLogin" time="0.002"/>
  <system-out/>
</testsuite> <!-- com.testngworks.CarLoan -->
