<?xml version="1.0" encoding="UTF-8"?>
<!-- Generated by org.testng.reporters.JUnitReportReporter -->
<testsuite hostname="sharath" failures="0" tests="7" name="com.testngworks.AnotherTestCase" time="0.088" errors="0" timestamp="2022-03-21T18:28:24 IST" skipped="0">
  <testcase classname="com.testngworks.AnotherTestCase" name="login" time="0.014"/>
  <system-out/>
  <testcase classname="com.testngworks.AnotherTestCase" name="fourthTest" time="0.018"/>
  <system-out/>
  <testcase classname="com.testngworks.AnotherTestCase" name="login" time="0.009"/>
  <system-out/>
  <testcase classname="com.testngworks.AnotherTestCase" name="day1" time="0.016"/>
  <system-out/>
  <testcase classname="com.testngworks.AnotherTestCase" name="night1" time="0.012"/>
  <system-out/>
  <testcase classname="com.testngworks.AnotherTestCase" name="thirdTest" time="0.007"/>
  <system-out/>
  <testcase classname="com.testngworks.AnotherTestCase" name="login" time="0.012"/>
  <system-out/>
</testsuite> <!-- com.testngworks.AnotherTestCase -->
