<?xml version="1.0" encoding="UTF-8"?>
<!-- Generated by org.testng.reporters.JUnitReportReporter -->
<testsuite hostname="sharath" failures="0" tests="1" name="com.testngworks.SampleTestCase" time="0.029" errors="0" timestamp="2022-03-21T18:28:24 IST" skipped="0">
  <testcase classname="com.testngworks.SampleTestCase" name="firstTest" time="0.029"/>
  <system-out/>
</testsuite> <!-- com.testngworks.SampleTestCase -->
